Started GET "/" for 127.0.0.1 at 2018-08-03 16:52:54 +0700
Processing by Rails::WelcomeController#index as HTML
  Rendering /home/fahmi/.rbenv/versions/2.5.0/lib/ruby/gems/2.5.0/gems/railties-5.2.0/lib/rails/templates/rails/welcome/index.html.erb
  Rendered /home/fahmi/.rbenv/versions/2.5.0/lib/ruby/gems/2.5.0/gems/railties-5.2.0/lib/rails/templates/rails/welcome/index.html.erb (4.1ms)
Completed 200 OK in 33ms (Views: 14.2ms | ActiveRecord: 0.0ms)


Started GET "/" for 127.0.0.1 at 2018-08-03 16:54:07 +0700
Processing by Rails::WelcomeController#index as HTML
  Rendering /home/fahmi/.rbenv/versions/2.5.0/lib/ruby/gems/2.5.0/gems/railties-5.2.0/lib/rails/templates/rails/welcome/index.html.erb
  Rendered /home/fahmi/.rbenv/versions/2.5.0/lib/ruby/gems/2.5.0/gems/railties-5.2.0/lib/rails/templates/rails/welcome/index.html.erb (1.8ms)
Completed 200 OK in 11ms (Views: 4.0ms | ActiveRecord: 0.0ms)


  [1m[35m (1251.0ms)[0m  [1m[35mCREATE DATABASE "gohelp_development" ENCODING = 'utf8'[0m
  ↳ /home/fahmi/.rbenv/versions/2.5.0/bin/rake:23
  [1m[35m (920.2ms)[0m  [1m[35mCREATE DATABASE "gohelp_test" ENCODING = 'utf8'[0m
  ↳ /home/fahmi/.rbenv/versions/2.5.0/bin/rake:23
  [1m[35m (292.8ms)[0m  [1m[35mCREATE TABLE "schema_migrations" ("version" character varying NOT NULL PRIMARY KEY)[0m
  ↳ bin/rails:9
  [1m[35m (285.1ms)[0m  [1m[35mCREATE TABLE "ar_internal_metadata" ("key" character varying NOT NULL PRIMARY KEY, "value" character varying, "created_at" timestamp NOT NULL, "updated_at" timestamp NOT NULL)[0m
  ↳ bin/rails:9
  [1m[35m (0.5ms)[0m  [1m[34mSELECT pg_try_advisory_lock(760180102898772885)[0m
  ↳ bin/rails:9
  [1m[35m (0.5ms)[0m  [1m[34mSELECT "schema_migrations"."version" FROM "schema_migrations" ORDER BY "schema_migrations"."version" ASC[0m
  ↳ bin/rails:9
  [1m[36mActiveRecord::InternalMetadata Load (0.2ms)[0m  [1m[34mSELECT  "ar_internal_metadata".* FROM "ar_internal_metadata" WHERE "ar_internal_metadata"."key" = $1 LIMIT $2[0m  [["key", "environment"], ["LIMIT", 1]]
  ↳ bin/rails:9
  [1m[35m (0.4ms)[0m  [1m[35mBEGIN[0m
  ↳ bin/rails:9
  [1m[36mActiveRecord::InternalMetadata Create (0.5ms)[0m  [1m[32mINSERT INTO "ar_internal_metadata" ("key", "value", "created_at", "updated_at") VALUES ($1, $2, $3, $4) RETURNING "key"[0m  [["key", "environment"], ["value", "development"], ["created_at", "2018-08-03 15:49:53.796292"], ["updated_at", "2018-08-03 15:49:53.796292"]]
  ↳ bin/rails:9
  [1m[35m (26.3ms)[0m  [1m[35mCOMMIT[0m
  ↳ bin/rails:9
  [1m[35m (0.6ms)[0m  [1m[34mSELECT pg_advisory_unlock(760180102898772885)[0m
  ↳ bin/rails:9
  [1m[35m (1.1ms)[0m  [1m[34mSELECT "schema_migrations"."version" FROM "schema_migrations" ORDER BY "schema_migrations"."version" ASC[0m
  ↳ bin/rails:9
Started GET "/" for 127.0.0.1 at 2018-08-04 09:02:03 +0700
Processing by Rails::WelcomeController#index as HTML
  Rendering /home/fahmi/.rbenv/versions/2.5.0/lib/ruby/gems/2.5.0/gems/railties-5.2.0/lib/rails/templates/rails/welcome/index.html.erb
  Rendered /home/fahmi/.rbenv/versions/2.5.0/lib/ruby/gems/2.5.0/gems/railties-5.2.0/lib/rails/templates/rails/welcome/index.html.erb (19.1ms)
Completed 200 OK in 101ms (Views: 96.8ms | ActiveRecord: 0.0ms)


Started GET "/" for 127.0.0.1 at 2018-08-04 09:38:30 +0700
  [1m[35m (0.5ms)[0m  [1m[34mSELECT "schema_migrations"."version" FROM "schema_migrations" ORDER BY "schema_migrations"."version" ASC[0m
  ↳ /home/fahmi/.rbenv/versions/2.5.0/lib/ruby/gems/2.5.0/gems/activerecord-5.2.0/lib/active_record/log_subscriber.rb:98
  
ActiveRecord::PendingMigrationError (

Migrations are pending. To resolve this issue, run:

        bin/rails db:migrate RAILS_ENV=development

):
  
activerecord (5.2.0) lib/active_record/migration.rb:579:in `check_pending!'
activerecord (5.2.0) lib/active_record/migration.rb:556:in `call'
actionpack (5.2.0) lib/action_dispatch/middleware/callbacks.rb:28:in `block in call'
activesupport (5.2.0) lib/active_support/callbacks.rb:98:in `run_callbacks'
actionpack (5.2.0) lib/action_dispatch/middleware/callbacks.rb:26:in `call'
actionpack (5.2.0) lib/action_dispatch/middleware/executor.rb:14:in `call'
actionpack (5.2.0) lib/action_dispatch/middleware/debug_exceptions.rb:61:in `call'
web-console (3.6.2) lib/web_console/middleware.rb:135:in `call_app'
web-console (3.6.2) lib/web_console/middleware.rb:30:in `block in call'
web-console (3.6.2) lib/web_console/middleware.rb:20:in `catch'
web-console (3.6.2) lib/web_console/middleware.rb:20:in `call'
actionpack (5.2.0) lib/action_dispatch/middleware/show_exceptions.rb:33:in `call'
railties (5.2.0) lib/rails/rack/logger.rb:38:in `call_app'
railties (5.2.0) lib/rails/rack/logger.rb:26:in `block in call'
activesupport (5.2.0) lib/active_support/tagged_logging.rb:71:in `block in tagged'
activesupport (5.2.0) lib/active_support/tagged_logging.rb:28:in `tagged'
activesupport (5.2.0) lib/active_support/tagged_logging.rb:71:in `tagged'
railties (5.2.0) lib/rails/rack/logger.rb:26:in `call'
sprockets-rails (3.2.1) lib/sprockets/rails/quiet_assets.rb:13:in `call'
actionpack (5.2.0) lib/action_dispatch/middleware/remote_ip.rb:81:in `call'
actionpack (5.2.0) lib/action_dispatch/middleware/request_id.rb:27:in `call'
rack (2.0.5) lib/rack/runtime.rb:22:in `call'
activesupport (5.2.0) lib/active_support/cache/strategy/local_cache_middleware.rb:29:in `call'
actionpack (5.2.0) lib/action_dispatch/middleware/executor.rb:14:in `call'
actionpack (5.2.0) lib/action_dispatch/middleware/static.rb:127:in `call'
rack (2.0.5) lib/rack/sendfile.rb:111:in `call'
railties (5.2.0) lib/rails/engine.rb:524:in `call'
puma (3.12.0) lib/puma/configuration.rb:225:in `call'
puma (3.12.0) lib/puma/server.rb:658:in `handle_request'
puma (3.12.0) lib/puma/server.rb:472:in `process_client'
puma (3.12.0) lib/puma/server.rb:332:in `block in run'
puma (3.12.0) lib/puma/thread_pool.rb:133:in `block in spawn_thread'
  [1m[35m (0.1ms)[0m  [1m[34mSELECT pg_try_advisory_lock(760180102898772885)[0m
  ↳ bin/rails:9
  [1m[35m (0.3ms)[0m  [1m[34mSELECT "schema_migrations"."version" FROM "schema_migrations" ORDER BY "schema_migrations"."version" ASC[0m
  ↳ bin/rails:9
Migrating to CreateUsers (20180804022324)
  [1m[35m (0.5ms)[0m  [1m[35mBEGIN[0m
  ↳ bin/rails:9
  [1m[35m (353.7ms)[0m  [1m[35mCREATE TABLE "users" ("id" bigserial primary key, "user_id" integer, "name" character varying, "email" character varying, "password" character varying, "device_id" character varying, "created_at" timestamp NOT NULL, "updated_at" timestamp NOT NULL)[0m
  ↳ db/migrate/20180804022324_create_users.rb:3
  [1m[36mActiveRecord::SchemaMigration Create (1.2ms)[0m  [1m[32mINSERT INTO "schema_migrations" ("version") VALUES ($1) RETURNING "version"[0m  [["version", "20180804022324"]]
  ↳ bin/rails:9
  [1m[35m (57.8ms)[0m  [1m[35mCOMMIT[0m
  ↳ bin/rails:9
  [1m[36mActiveRecord::InternalMetadata Load (0.8ms)[0m  [1m[34mSELECT  "ar_internal_metadata".* FROM "ar_internal_metadata" WHERE "ar_internal_metadata"."key" = $1 LIMIT $2[0m  [["key", "environment"], ["LIMIT", 1]]
  ↳ bin/rails:9
  [1m[35m (0.3ms)[0m  [1m[35mBEGIN[0m
  ↳ bin/rails:9
  [1m[35m (0.5ms)[0m  [1m[35mCOMMIT[0m
  ↳ bin/rails:9
  [1m[35m (0.6ms)[0m  [1m[34mSELECT pg_advisory_unlock(760180102898772885)[0m
  ↳ bin/rails:9
  [1m[35m (0.6ms)[0m  [1m[34mSELECT "schema_migrations"."version" FROM "schema_migrations" ORDER BY "schema_migrations"."version" ASC[0m
  ↳ bin/rails:9
Started GET "/" for 127.0.0.1 at 2018-08-04 09:39:08 +0700
  [1m[35m (0.3ms)[0m  [1m[34mSELECT "schema_migrations"."version" FROM "schema_migrations" ORDER BY "schema_migrations"."version" ASC[0m
  ↳ /home/fahmi/.rbenv/versions/2.5.0/lib/ruby/gems/2.5.0/gems/activerecord-5.2.0/lib/active_record/log_subscriber.rb:98
Processing by Rails::WelcomeController#index as HTML
  Rendering /home/fahmi/.rbenv/versions/2.5.0/lib/ruby/gems/2.5.0/gems/railties-5.2.0/lib/rails/templates/rails/welcome/index.html.erb
  Rendered /home/fahmi/.rbenv/versions/2.5.0/lib/ruby/gems/2.5.0/gems/railties-5.2.0/lib/rails/templates/rails/welcome/index.html.erb (7.8ms)
Completed 200 OK in 49ms (Views: 17.8ms | ActiveRecord: 0.0ms)


Started GET "/" for 127.0.0.1 at 2018-08-04 13:35:40 +0700
  [1m[35m (0.3ms)[0m  [1m[34mSELECT "schema_migrations"."version" FROM "schema_migrations" ORDER BY "schema_migrations"."version" ASC[0m
  ↳ /home/fahmi/.rbenv/versions/2.5.0/lib/ruby/gems/2.5.0/gems/activerecord-5.2.0/lib/active_record/log_subscriber.rb:98
Processing by Rails::WelcomeController#index as HTML
  Rendering /home/fahmi/.rbenv/versions/2.5.0/lib/ruby/gems/2.5.0/gems/railties-5.2.0/lib/rails/templates/rails/welcome/index.html.erb
  Rendered /home/fahmi/.rbenv/versions/2.5.0/lib/ruby/gems/2.5.0/gems/railties-5.2.0/lib/rails/templates/rails/welcome/index.html.erb (2.3ms)
Completed 200 OK in 21ms (Views: 4.9ms | ActiveRecord: 0.0ms)


Started GET "/users" for 127.0.0.1 at 2018-08-04 13:35:45 +0700
  
SyntaxError (/media/fahmi/DATA/Internship/Compfest/Academy/finalproject/Go-Help-Server/gohelp-server/app/controllers/users_controller.rb:26: syntax error, unexpected tSYMBEG, expecting keyword_do or '{' or '('
      render :show, status :created, location: @user
                           ^):
  
app/controllers/users_controller.rb:26: syntax error, unexpected tSYMBEG, expecting keyword_do or '{' or '('
Started GET "/users" for 127.0.0.1 at 2018-08-04 13:36:58 +0700
Processing by UsersController#index as JSON
  Rendering users/index.json.jbuilder
  Rendered users/index.json.jbuilder (1.0ms)
Completed 500 Internal Server Error in 9ms (ActiveRecord: 0.0ms)


  
SyntaxError (/media/fahmi/DATA/Internship/Compfest/Academy/finalproject/Go-Help-Server/gohelp-server/app/views/users/index.json.jbuilder:1: syntax error, unexpected tSYMBEG, expecting keyword_do or '{' or '('
...rs, partial: 'users/user', as :user
...                              ^):
  
app/views/users/index.json.jbuilder:1: syntax error, unexpected tSYMBEG, expecting keyword_do or '{' or '('
Started POST "/users" for 127.0.0.1 at 2018-08-04 13:43:17 +0700
  
AbstractController::ActionNotFound (The action 'create' could not be found for UsersController):
  
actionpack (5.2.0) lib/abstract_controller/base.rb:129:in `process'
actionview (5.2.0) lib/action_view/rendering.rb:32:in `process'
actionpack (5.2.0) lib/action_controller/metal.rb:191:in `dispatch'
actionpack (5.2.0) lib/action_controller/metal.rb:252:in `dispatch'
actionpack (5.2.0) lib/action_dispatch/routing/route_set.rb:52:in `dispatch'
actionpack (5.2.0) lib/action_dispatch/routing/route_set.rb:34:in `serve'
actionpack (5.2.0) lib/action_dispatch/journey/router.rb:52:in `block in serve'
actionpack (5.2.0) lib/action_dispatch/journey/router.rb:35:in `each'
actionpack (5.2.0) lib/action_dispatch/journey/router.rb:35:in `serve'
actionpack (5.2.0) lib/action_dispatch/routing/route_set.rb:840:in `call'
rack (2.0.5) lib/rack/etag.rb:25:in `call'
rack (2.0.5) lib/rack/conditional_get.rb:38:in `call'
rack (2.0.5) lib/rack/head.rb:12:in `call'
activerecord (5.2.0) lib/active_record/migration.rb:559:in `call'
actionpack (5.2.0) lib/action_dispatch/middleware/callbacks.rb:28:in `block in call'
activesupport (5.2.0) lib/active_support/callbacks.rb:98:in `run_callbacks'
actionpack (5.2.0) lib/action_dispatch/middleware/callbacks.rb:26:in `call'
actionpack (5.2.0) lib/action_dispatch/middleware/executor.rb:14:in `call'
actionpack (5.2.0) lib/action_dispatch/middleware/debug_exceptions.rb:61:in `call'
web-console (3.6.2) lib/web_console/middleware.rb:135:in `call_app'
web-console (3.6.2) lib/web_console/middleware.rb:30:in `block in call'
web-console (3.6.2) lib/web_console/middleware.rb:20:in `catch'
web-console (3.6.2) lib/web_console/middleware.rb:20:in `call'
actionpack (5.2.0) lib/action_dispatch/middleware/show_exceptions.rb:33:in `call'
railties (5.2.0) lib/rails/rack/logger.rb:38:in `call_app'
railties (5.2.0) lib/rails/rack/logger.rb:26:in `block in call'
activesupport (5.2.0) lib/active_support/tagged_logging.rb:71:in `block in tagged'
activesupport (5.2.0) lib/active_support/tagged_logging.rb:28:in `tagged'
activesupport (5.2.0) lib/active_support/tagged_logging.rb:71:in `tagged'
railties (5.2.0) lib/rails/rack/logger.rb:26:in `call'
sprockets-rails (3.2.1) lib/sprockets/rails/quiet_assets.rb:13:in `call'
actionpack (5.2.0) lib/action_dispatch/middleware/remote_ip.rb:81:in `call'
actionpack (5.2.0) lib/action_dispatch/middleware/request_id.rb:27:in `call'
rack (2.0.5) lib/rack/runtime.rb:22:in `call'
activesupport (5.2.0) lib/active_support/cache/strategy/local_cache_middleware.rb:29:in `call'
actionpack (5.2.0) lib/action_dispatch/middleware/executor.rb:14:in `call'
actionpack (5.2.0) lib/action_dispatch/middleware/static.rb:127:in `call'
rack (2.0.5) lib/rack/sendfile.rb:111:in `call'
railties (5.2.0) lib/rails/engine.rb:524:in `call'
puma (3.12.0) lib/puma/configuration.rb:225:in `call'
puma (3.12.0) lib/puma/server.rb:658:in `handle_request'
puma (3.12.0) lib/puma/server.rb:472:in `process_client'
puma (3.12.0) lib/puma/server.rb:332:in `block in run'
puma (3.12.0) lib/puma/thread_pool.rb:133:in `block in spawn_thread'
Started POST "/users" for 127.0.0.1 at 2018-08-04 13:44:34 +0700
Processing by UsersController#create as JSON
  Parameters: {"user_id"=>"1", "email"=>"test@yahoo.com", "password"=>"[FILTERED]", "device_id"=>"loremi2387ddh_13js", "name"=>"Lorem", "user"=>{"user_id"=>"1", "name"=>"Lorem", "email"=>"test@yahoo.com", "password"=>"[FILTERED]", "device_id"=>"loremi2387ddh_13js"}}
Completed 400 Bad Request in 0ms (ActiveRecord: 2.0ms)


  
ActionController::ParameterMissing (param is missing or the value is empty: todo):
  
app/controllers/users_controller.rb:43:in `user_params'
app/controllers/users_controller.rb:16:in `create'
Started POST "/users" for 127.0.0.1 at 2018-08-04 13:44:43 +0700
Processing by UsersController#create as JSON
  Parameters: {"user_id"=>"1", "email"=>"test@yahoo.com", "password"=>"[FILTERED]", "device_id"=>"loremi2387ddh_13js", "name"=>"Lorem", "user"=>{"user_id"=>"1", "name"=>"Lorem", "email"=>"test@yahoo.com", "password"=>"[FILTERED]", "device_id"=>"loremi2387ddh_13js"}}
  [1m[35m (0.2ms)[0m  [1m[35mBEGIN[0m
  ↳ app/controllers/users_controller.rb:17
  [1m[36mUser Create (0.5ms)[0m  [1m[32mINSERT INTO "users" ("user_id", "name", "email", "password", "device_id", "created_at", "updated_at") VALUES ($1, $2, $3, $4, $5, $6, $7) RETURNING "id"[0m  [["user_id", 1], ["name", "Lorem"], ["email", "test@yahoo.com"], ["password", "test"], ["device_id", "loremi2387ddh_13js"], ["created_at", "2018-08-04 06:44:43.779869"], ["updated_at", "2018-08-04 06:44:43.779869"]]
  ↳ app/controllers/users_controller.rb:17
  [1m[35m (120.2ms)[0m  [1m[35mCOMMIT[0m
  ↳ app/controllers/users_controller.rb:17
  Rendering users/show.json.jbuilder
  Rendered users/_user.json.jbuilder (0.9ms)
  Rendered users/show.json.jbuilder (35.2ms)
Completed 201 Created in 188ms (Views: 56.9ms | ActiveRecord: 123.9ms)


Started GET "/" for 127.0.0.1 at 2018-08-04 13:44:52 +0700
Processing by Rails::WelcomeController#index as HTML
  Rendering /home/fahmi/.rbenv/versions/2.5.0/lib/ruby/gems/2.5.0/gems/railties-5.2.0/lib/rails/templates/rails/welcome/index.html.erb
  Rendered /home/fahmi/.rbenv/versions/2.5.0/lib/ruby/gems/2.5.0/gems/railties-5.2.0/lib/rails/templates/rails/welcome/index.html.erb (1.7ms)
Completed 200 OK in 4ms (Views: 2.7ms | ActiveRecord: 0.0ms)


Started GET "/users" for 127.0.0.1 at 2018-08-04 13:44:54 +0700
Processing by UsersController#index as JSON
  Rendering users/index.json.jbuilder
  Rendered users/index.json.jbuilder (1.1ms)
Completed 500 Internal Server Error in 12ms (ActiveRecord: 0.0ms)


  
SyntaxError (/media/fahmi/DATA/Internship/Compfest/Academy/finalproject/Go-Help-Server/gohelp-server/app/views/users/index.json.jbuilder:1: syntax error, unexpected tSYMBEG, expecting keyword_do or '{' or '('
...rs, partial: 'users/user', as :user
...                              ^):
  
app/views/users/index.json.jbuilder:1: syntax error, unexpected tSYMBEG, expecting keyword_do or '{' or '('
Started GET "/users" for 127.0.0.1 at 2018-08-04 13:45:02 +0700
Processing by UsersController#index as JSON
  Rendering users/index.json.jbuilder
  Rendered users/index.json.jbuilder (0.4ms)
Completed 500 Internal Server Error in 9ms (ActiveRecord: 0.0ms)


  
SyntaxError (/media/fahmi/DATA/Internship/Compfest/Academy/finalproject/Go-Help-Server/gohelp-server/app/views/users/index.json.jbuilder:1: syntax error, unexpected tSYMBEG, expecting keyword_do or '{' or '('
...rs, partial: 'users/user', as :user
...                              ^):
  
app/views/users/index.json.jbuilder:1: syntax error, unexpected tSYMBEG, expecting keyword_do or '{' or '('
Started GET "/users/1" for 127.0.0.1 at 2018-08-04 13:45:15 +0700
Processing by UsersController#show as JSON
  Parameters: {"id"=>"1"}
  [1m[36mUser Load (0.2ms)[0m  [1m[34mSELECT  "users".* FROM "users" WHERE "users"."id" = $1 LIMIT $2[0m  [["id", 1], ["LIMIT", 1]]
  ↳ app/controllers/users_controller.rb:40
  Rendering users/show.json.jbuilder
  Rendered users/_user.json.jbuilder (0.2ms)
  Rendered users/show.json.jbuilder (1.8ms)
Completed 200 OK in 24ms (Views: 5.2ms | ActiveRecord: 0.3ms)


Started GET "/users/1" for 127.0.0.1 at 2018-08-04 13:45:17 +0700
Processing by UsersController#show as JSON
  Parameters: {"id"=>"1"}
  [1m[36mUser Load (0.2ms)[0m  [1m[34mSELECT  "users".* FROM "users" WHERE "users"."id" = $1 LIMIT $2[0m  [["id", 1], ["LIMIT", 1]]
  ↳ app/controllers/users_controller.rb:40
  Rendering users/show.json.jbuilder
  Rendered users/_user.json.jbuilder (0.2ms)
  Rendered users/show.json.jbuilder (1.9ms)
Completed 200 OK in 10ms (Views: 5.4ms | ActiveRecord: 0.2ms)


Started GET "/users" for 127.0.0.1 at 2018-08-04 13:46:16 +0700
Processing by UsersController#index as JSON
  Rendering users/index.json.jbuilder
  Rendered users/index.json.jbuilder (0.4ms)
Completed 500 Internal Server Error in 7ms (ActiveRecord: 0.0ms)


  
SyntaxError (/media/fahmi/DATA/Internship/Compfest/Academy/finalproject/Go-Help-Server/gohelp-server/app/views/users/index.json.jbuilder:1: syntax error, unexpected tSYMBEG, expecting keyword_do or '{' or '('
...rs, partial: 'users/user', as :user
...                              ^):
  
app/views/users/index.json.jbuilder:1: syntax error, unexpected tSYMBEG, expecting keyword_do or '{' or '('
Started GET "/users" for 127.0.0.1 at 2018-08-04 13:46:38 +0700
Processing by UsersController#index as JSON
  Rendering users/index.json.jbuilder
  [1m[36mUser Load (0.2ms)[0m  [1m[34mSELECT "users".* FROM "users"[0m
  ↳ app/views/users/index.json.jbuilder:1
  Rendered users/_user.json.jbuilder (0.2ms)
  Rendered users/index.json.jbuilder (2.3ms)
Completed 200 OK in 9ms (Views: 5.6ms | ActiveRecord: 0.2ms)


Started POST "/users" for 127.0.0.1 at 2018-08-04 13:46:52 +0700
Processing by UsersController#create as JSON
  Parameters: {"user_id"=>"2", "email"=>"test@yahoo.com", "password"=>"[FILTERED]", "device_id"=>"loremi2387ddh_13js", "name"=>"Lorem", "user"=>{"user_id"=>"2", "name"=>"Lorem", "email"=>"test@yahoo.com", "password"=>"[FILTERED]", "device_id"=>"loremi2387ddh_13js"}}
  [1m[35m (0.2ms)[0m  [1m[35mBEGIN[0m
  ↳ app/controllers/users_controller.rb:17
  [1m[36mUser Create (0.4ms)[0m  [1m[32mINSERT INTO "users" ("user_id", "name", "email", "password", "device_id", "created_at", "updated_at") VALUES ($1, $2, $3, $4, $5, $6, $7) RETURNING "id"[0m  [["user_id", 2], ["name", "Lorem"], ["email", "test@yahoo.com"], ["password", "test"], ["device_id", "loremi2387ddh_13js"], ["created_at", "2018-08-04 06:46:52.118852"], ["updated_at", "2018-08-04 06:46:52.118852"]]
  ↳ app/controllers/users_controller.rb:17
  [1m[35m (115.3ms)[0m  [1m[35mCOMMIT[0m
  ↳ app/controllers/users_controller.rb:17
  Rendering users/show.json.jbuilder
  Rendered users/_user.json.jbuilder (0.4ms)
  Rendered users/show.json.jbuilder (2.8ms)
Completed 201 Created in 129ms (Views: 8.5ms | ActiveRecord: 115.8ms)


Started GET "/users" for 127.0.0.1 at 2018-08-04 13:46:54 +0700
Processing by UsersController#index as JSON
  Rendering users/index.json.jbuilder
  [1m[36mUser Load (0.2ms)[0m  [1m[34mSELECT "users".* FROM "users"[0m
  ↳ app/views/users/index.json.jbuilder:1
  Rendered users/_user.json.jbuilder (0.2ms)
  Rendered users/_user.json.jbuilder (0.0ms)
  Rendered users/index.json.jbuilder (3.6ms)
Completed 200 OK in 10ms (Views: 6.6ms | ActiveRecord: 0.2ms)


Started GET "/users" for 127.0.0.1 at 2018-08-04 14:50:59 +0700
  [1m[35m (1.4ms)[0m  [1m[34mSELECT "schema_migrations"."version" FROM "schema_migrations" ORDER BY "schema_migrations"."version" ASC[0m
  ↳ /home/fahmi/.rbenv/versions/2.5.0/lib/ruby/gems/2.5.0/gems/activerecord-5.2.0/lib/active_record/log_subscriber.rb:98
Processing by UsersController#index as JSON
  Rendering users/index.json.jbuilder
  [1m[36mUser Load (1.5ms)[0m  [1m[34mSELECT "users".* FROM "users"[0m
  ↳ app/views/users/index.json.jbuilder:1
  Rendered users/_user.json.jbuilder (0.4ms)
  Rendered users/_user.json.jbuilder (0.1ms)
  Rendered users/index.json.jbuilder (63.5ms)
Completed 200 OK in 130ms (Views: 100.0ms | ActiveRecord: 15.3ms)


Started GET "/users" for 127.0.0.1 at 2018-08-04 14:56:22 +0700
Processing by UsersController#index as JSON
  Rendering users/index.json.jbuilder
  [1m[36mUser Load (0.5ms)[0m  [1m[34mSELECT "users".* FROM "users"[0m
  ↳ app/views/users/index.json.jbuilder:1
  Rendered users/_user.json.jbuilder (0.4ms)
  Rendered users/_user.json.jbuilder (0.0ms)
  Rendered users/index.json.jbuilder (10.6ms)
Completed 200 OK in 20ms (Views: 13.9ms | ActiveRecord: 0.5ms)


Started POST "/users" for 127.0.0.1 at 2018-08-04 15:00:53 +0700
Processing by UsersController#create as JSON
  Parameters: {"user_id"=>"4", "email"=>"test@yahoo.com", "password"=>"[FILTERED]", "device_id"=>"loremi2387ddh_13js", "name"=>"Lorem Ipsum", "user"=>{"user_id"=>"4", "name"=>"Lorem Ipsum", "email"=>"test@yahoo.com", "password"=>"[FILTERED]", "device_id"=>"loremi2387ddh_13js"}}
  [1m[35m (0.1ms)[0m  [1m[35mBEGIN[0m
  ↳ app/controllers/users_controller.rb:17
  [1m[36mUser Create (0.3ms)[0m  [1m[32mINSERT INTO "users" ("user_id", "name", "email", "password", "device_id", "created_at", "updated_at") VALUES ($1, $2, $3, $4, $5, $6, $7) RETURNING "id"[0m  [["user_id", 4], ["name", "Lorem Ipsum"], ["email", "test@yahoo.com"], ["password", "test"], ["device_id", "loremi2387ddh_13js"], ["created_at", "2018-08-04 08:00:53.717933"], ["updated_at", "2018-08-04 08:00:53.717933"]]
  ↳ app/controllers/users_controller.rb:17
  [1m[35m (22.5ms)[0m  [1m[35mCOMMIT[0m
  ↳ app/controllers/users_controller.rb:17
  Rendering users/show.json.jbuilder
  Rendered users/_user.json.jbuilder (0.3ms)
  Rendered users/show.json.jbuilder (2.6ms)
Completed 201 Created in 37ms (Views: 10.6ms | ActiveRecord: 23.0ms)


Started GET "/users" for 127.0.0.1 at 2018-08-04 15:00:57 +0700
Processing by UsersController#index as JSON
  Rendering users/index.json.jbuilder
  [1m[36mUser Load (0.3ms)[0m  [1m[34mSELECT "users".* FROM "users"[0m
  ↳ app/views/users/index.json.jbuilder:1
  Rendered users/_user.json.jbuilder (0.2ms)
  Rendered users/_user.json.jbuilder (0.1ms)
  Rendered users/_user.json.jbuilder (0.1ms)
  Rendered users/index.json.jbuilder (5.1ms)
Completed 200 OK in 12ms (Views: 7.9ms | ActiveRecord: 0.3ms)


Started GET "/users/4" for 127.0.0.1 at 2018-08-04 15:01:06 +0700
Processing by UsersController#show as JSON
  Parameters: {"id"=>"4"}
  [1m[36mUser Load (0.5ms)[0m  [1m[34mSELECT  "users".* FROM "users" WHERE "users"."id" = $1 LIMIT $2[0m  [["id", 4], ["LIMIT", 1]]
  ↳ app/controllers/users_controller.rb:40
Completed 404 Not Found in 87ms (ActiveRecord: 0.9ms)


  
ActiveRecord::RecordNotFound (Couldn't find User with 'id'=4):
  
app/controllers/users_controller.rb:40:in `set_user'
Started GET "/users/3" for 127.0.0.1 at 2018-08-04 15:01:10 +0700
Processing by UsersController#show as JSON
  Parameters: {"id"=>"3"}
  [1m[36mUser Load (0.2ms)[0m  [1m[34mSELECT  "users".* FROM "users" WHERE "users"."id" = $1 LIMIT $2[0m  [["id", 3], ["LIMIT", 1]]
  ↳ app/controllers/users_controller.rb:40
  Rendering users/show.json.jbuilder
  Rendered users/_user.json.jbuilder (0.2ms)
  Rendered users/show.json.jbuilder (1.6ms)
Completed 200 OK in 9ms (Views: 4.9ms | ActiveRecord: 0.2ms)


Started DELETE "/users/1" for 127.0.0.1 at 2018-08-04 15:01:36 +0700
Processing by UsersController#destroy as JSON
  Parameters: {"id"=>"1"}
  [1m[36mUser Load (0.2ms)[0m  [1m[34mSELECT  "users".* FROM "users" WHERE "users"."id" = $1 LIMIT $2[0m  [["id", 1], ["LIMIT", 1]]
  ↳ app/controllers/users_controller.rb:40
  [1m[35m (0.1ms)[0m  [1m[35mBEGIN[0m
  ↳ app/controllers/users_controller.rb:35
  [1m[36mUser Destroy (0.2ms)[0m  [1m[31mDELETE FROM "users" WHERE "users"."id" = $1[0m  [["id", 1]]
  ↳ app/controllers/users_controller.rb:35
  [1m[35m (29.2ms)[0m  [1m[35mCOMMIT[0m
  ↳ app/controllers/users_controller.rb:35
No template found for UsersController#destroy, rendering head :no_content
Completed 204 No Content in 220ms (ActiveRecord: 29.6ms)


Started GET "/users" for 127.0.0.1 at 2018-08-04 15:01:39 +0700
Processing by UsersController#index as JSON
  Rendering users/index.json.jbuilder
  [1m[36mUser Load (0.3ms)[0m  [1m[34mSELECT "users".* FROM "users"[0m
  ↳ app/views/users/index.json.jbuilder:1
  Rendered users/_user.json.jbuilder (0.3ms)
  Rendered users/_user.json.jbuilder (0.1ms)
  Rendered users/index.json.jbuilder (5.2ms)
Completed 200 OK in 14ms (Views: 9.1ms | ActiveRecord: 0.3ms)


Started DELETE "/users/2" for 127.0.0.1 at 2018-08-04 15:01:47 +0700
Processing by UsersController#destroy as JSON
  Parameters: {"id"=>"2"}
  [1m[36mUser Load (1.0ms)[0m  [1m[34mSELECT  "users".* FROM "users" WHERE "users"."id" = $1 LIMIT $2[0m  [["id", 2], ["LIMIT", 1]]
  ↳ app/controllers/users_controller.rb:40
  [1m[35m (0.2ms)[0m  [1m[35mBEGIN[0m
  ↳ app/controllers/users_controller.rb:35
  [1m[36mUser Destroy (0.8ms)[0m  [1m[31mDELETE FROM "users" WHERE "users"."id" = $1[0m  [["id", 2]]
  ↳ app/controllers/users_controller.rb:35
  [1m[35m (113.2ms)[0m  [1m[35mCOMMIT[0m
  ↳ app/controllers/users_controller.rb:35
No template found for UsersController#destroy, rendering head :no_content
Completed 204 No Content in 369ms (ActiveRecord: 115.2ms)


Started DELETE "/users/3" for 127.0.0.1 at 2018-08-04 15:01:50 +0700
Processing by UsersController#destroy as JSON
  Parameters: {"id"=>"3"}
  [1m[36mUser Load (0.2ms)[0m  [1m[34mSELECT  "users".* FROM "users" WHERE "users"."id" = $1 LIMIT $2[0m  [["id", 3], ["LIMIT", 1]]
  ↳ app/controllers/users_controller.rb:40
  [1m[35m (0.1ms)[0m  [1m[35mBEGIN[0m
  ↳ app/controllers/users_controller.rb:35
  [1m[36mUser Destroy (0.2ms)[0m  [1m[31mDELETE FROM "users" WHERE "users"."id" = $1[0m  [["id", 3]]
  ↳ app/controllers/users_controller.rb:35
  [1m[35m (32.2ms)[0m  [1m[35mCOMMIT[0m
  ↳ app/controllers/users_controller.rb:35
No template found for UsersController#destroy, rendering head :no_content
Completed 204 No Content in 249ms (ActiveRecord: 32.7ms)


Started GET "/users" for 127.0.0.1 at 2018-08-04 15:01:53 +0700
Processing by UsersController#index as JSON
  Rendering users/index.json.jbuilder
  [1m[36mUser Load (0.2ms)[0m  [1m[34mSELECT "users".* FROM "users"[0m
  ↳ app/views/users/index.json.jbuilder:1
  Rendered users/index.json.jbuilder (0.9ms)
Completed 200 OK in 7ms (Views: 4.1ms | ActiveRecord: 0.2ms)


Started GET "/" for 127.0.0.1 at 2018-08-04 19:59:09 +0700
  [1m[35m (1.2ms)[0m  [1m[34mSELECT "schema_migrations"."version" FROM "schema_migrations" ORDER BY "schema_migrations"."version" ASC[0m
  ↳ /home/fahmi/.rbenv/versions/2.5.0/lib/ruby/gems/2.5.0/gems/activerecord-5.2.0/lib/active_record/log_subscriber.rb:98
Processing by Rails::WelcomeController#index as HTML
  Rendering /home/fahmi/.rbenv/versions/2.5.0/lib/ruby/gems/2.5.0/gems/railties-5.2.0/lib/rails/templates/rails/welcome/index.html.erb
  Rendered /home/fahmi/.rbenv/versions/2.5.0/lib/ruby/gems/2.5.0/gems/railties-5.2.0/lib/rails/templates/rails/welcome/index.html.erb (14.2ms)
Completed 200 OK in 84ms (Views: 62.1ms | ActiveRecord: 0.0ms)


Started GET "/users" for 127.0.0.1 at 2018-08-04 19:59:14 +0700
Processing by UsersController#index as JSON
  Rendering users/index.json.jbuilder
  [1m[36mUser Load (1.0ms)[0m  [1m[34mSELECT "users".* FROM "users"[0m
  ↳ app/views/users/index.json.jbuilder:1
  Rendered users/index.json.jbuilder (136.6ms)
Completed 200 OK in 180ms (Views: 143.2ms | ActiveRecord: 7.3ms)


Started GET "/" for 127.0.0.1 at 2018-08-04 20:14:43 +0700
  [1m[35m (0.4ms)[0m  [1m[34mSELECT "schema_migrations"."version" FROM "schema_migrations" ORDER BY "schema_migrations"."version" ASC[0m
  ↳ /home/fahmi/.rbenv/versions/2.5.0/lib/ruby/gems/2.5.0/gems/activerecord-5.2.0/lib/active_record/log_subscriber.rb:98
Processing by Rails::WelcomeController#index as HTML
  Rendering /home/fahmi/.rbenv/versions/2.5.0/lib/ruby/gems/2.5.0/gems/railties-5.2.0/lib/rails/templates/rails/welcome/index.html.erb
  Rendered /home/fahmi/.rbenv/versions/2.5.0/lib/ruby/gems/2.5.0/gems/railties-5.2.0/lib/rails/templates/rails/welcome/index.html.erb (2.1ms)
Completed 200 OK in 6ms (Views: 4.8ms | ActiveRecord: 0.0ms)


Started GET "/users" for 127.0.0.1 at 2018-08-04 20:14:47 +0700
Processing by UsersController#index as JSON
  Rendering users/index.json.jbuilder
  [1m[36mUser Load (0.4ms)[0m  [1m[34mSELECT "users".* FROM "users"[0m
  ↳ app/views/users/index.json.jbuilder:1
  Rendered users/index.json.jbuilder (6.3ms)
Completed 200 OK in 18ms (Views: 8.6ms | ActiveRecord: 2.7ms)


Started GET "/" for 127.0.0.1 at 2018-08-04 21:34:12 +0700
  [1m[35m (0.5ms)[0m  [1m[34mSELECT "schema_migrations"."version" FROM "schema_migrations" ORDER BY "schema_migrations"."version" ASC[0m
  ↳ /home/fahmi/.rbenv/versions/2.5.0/lib/ruby/gems/2.5.0/gems/activerecord-5.2.0/lib/active_record/log_subscriber.rb:98
Processing by Rails::WelcomeController#index as HTML
  Rendering /home/fahmi/.rbenv/versions/2.5.0/lib/ruby/gems/2.5.0/gems/railties-5.2.0/lib/rails/templates/rails/welcome/index.html.erb
  Rendered /home/fahmi/.rbenv/versions/2.5.0/lib/ruby/gems/2.5.0/gems/railties-5.2.0/lib/rails/templates/rails/welcome/index.html.erb (3.8ms)
Completed 200 OK in 8ms (Views: 6.7ms | ActiveRecord: 0.0ms)


Started GET "/users" for 127.0.0.1 at 2018-08-04 21:34:15 +0700
Processing by UsersController#index as JSON
  Rendering users/index.json.jbuilder
  [1m[36mUser Load (0.5ms)[0m  [1m[34mSELECT "users".* FROM "users"[0m
  ↳ app/views/users/index.json.jbuilder:1
  Rendered users/index.json.jbuilder (6.1ms)
Completed 200 OK in 20ms (Views: 8.0ms | ActiveRecord: 2.4ms)


Started GET "/users" for 127.0.0.1 at 2018-08-04 21:36:12 +0700
  [1m[35m (0.4ms)[0m  [1m[34mSELECT "schema_migrations"."version" FROM "schema_migrations" ORDER BY "schema_migrations"."version" ASC[0m
  ↳ /home/fahmi/.rbenv/versions/2.5.0/lib/ruby/gems/2.5.0/gems/activerecord-5.2.0/lib/active_record/log_subscriber.rb:98
Processing by UsersController#index as JSON
  Rendering users/index.json.jbuilder
  [1m[36mUser Load (0.4ms)[0m  [1m[34mSELECT "users".* FROM "users"[0m
  ↳ app/views/users/index.json.jbuilder:1
  Rendered users/index.json.jbuilder (3.7ms)
Completed 200 OK in 15ms (Views: 8.2ms | ActiveRecord: 1.3ms)


  [1m[35m (0.4ms)[0m  [1m[34mSELECT pg_try_advisory_lock(760180102898772885)[0m
  ↳ bin/rails:9
  [1m[35m (17.2ms)[0m  [1m[34mSELECT "schema_migrations"."version" FROM "schema_migrations" ORDER BY "schema_migrations"."version" ASC[0m
  ↳ bin/rails:9
Migrating to CreateHelperTypes (20180805002441)
  [1m[35m (0.4ms)[0m  [1m[35mBEGIN[0m
  ↳ bin/rails:9
  [1m[35m (993.9ms)[0m  [1m[35mCREATE TABLE "helper_types" ("id" bigserial primary key, "name" character varying, "created_at" timestamp NOT NULL, "updated_at" timestamp NOT NULL)[0m
  ↳ db/migrate/20180805002441_create_helper_types.rb:3
  [1m[36mActiveRecord::SchemaMigration Create (0.3ms)[0m  [1m[32mINSERT INTO "schema_migrations" ("version") VALUES ($1) RETURNING "version"[0m  [["version", "20180805002441"]]
  ↳ bin/rails:9
  [1m[35m (38.7ms)[0m  [1m[35mCOMMIT[0m
  ↳ bin/rails:9
  [1m[36mActiveRecord::InternalMetadata Load (48.5ms)[0m  [1m[34mSELECT  "ar_internal_metadata".* FROM "ar_internal_metadata" WHERE "ar_internal_metadata"."key" = $1 LIMIT $2[0m  [["key", "environment"], ["LIMIT", 1]]
  ↳ bin/rails:9
  [1m[35m (0.5ms)[0m  [1m[35mBEGIN[0m
  ↳ bin/rails:9
  [1m[35m (0.4ms)[0m  [1m[35mCOMMIT[0m
  ↳ bin/rails:9
  [1m[35m (0.6ms)[0m  [1m[34mSELECT pg_advisory_unlock(760180102898772885)[0m
  ↳ bin/rails:9
  [1m[35m (0.5ms)[0m  [1m[34mSELECT "schema_migrations"."version" FROM "schema_migrations" ORDER BY "schema_migrations"."version" ASC[0m
  ↳ bin/rails:9
Started GET "/helper_types" for 127.0.0.1 at 2018-08-05 08:50:10 +0700
  [1m[35m (0.3ms)[0m  [1m[34mSELECT "schema_migrations"."version" FROM "schema_migrations" ORDER BY "schema_migrations"."version" ASC[0m
  ↳ /home/fahmi/.rbenv/versions/2.5.0/lib/ruby/gems/2.5.0/gems/activerecord-5.2.0/lib/active_record/log_subscriber.rb:98
Processing by HelperTypesController#index as JSON
  [1m[36mHelperType Load (0.3ms)[0m  [1m[34mSELECT  "helper_types".* FROM "helper_types" LIMIT $1[0m  [["LIMIT", 11]]
  ↳ /home/fahmi/.rbenv/versions/2.5.0/lib/ruby/gems/2.5.0/gems/activerecord-5.2.0/lib/active_record/log_subscriber.rb:98
Completed 500 Internal Server Error in 54ms (ActiveRecord: 0.0ms)


  
  [1m[36mHelperType Load (0.3ms)[0m  [1m[34mSELECT  "helper_types".* FROM "helper_types" LIMIT $1[0m  [["LIMIT", 11]]
  ↳ /home/fahmi/.rbenv/versions/2.5.0/lib/ruby/gems/2.5.0/gems/activerecord-5.2.0/lib/active_record/log_subscriber.rb:98
NoMethodError (undefined method `json_response' for #<HelperTypesController:0x0000559b5052d870>):
  
app/controllers/helper_types_controller.rb:7:in `index'
  [1m[36mHelperType Load (0.2ms)[0m  [1m[34mSELECT  "helper_types".* FROM "helper_types" LIMIT $1[0m  [["LIMIT", 11]]
  ↳ /home/fahmi/.rbenv/versions/2.5.0/lib/ruby/gems/2.5.0/gems/activerecord-5.2.0/lib/active_record/log_subscriber.rb:98
Started GET "/helper_types" for 127.0.0.1 at 2018-08-05 08:50:55 +0700
Processing by HelperTypesController#index as JSON
  [1m[36mHelperType Load (0.4ms)[0m  [1m[34mSELECT  "helper_types".* FROM "helper_types" LIMIT $1[0m  [["LIMIT", 11]]
  ↳ /home/fahmi/.rbenv/versions/2.5.0/lib/ruby/gems/2.5.0/gems/activerecord-5.2.0/lib/active_record/log_subscriber.rb:98
Completed 500 Internal Server Error in 76ms (ActiveRecord: 0.0ms)


  
  [1m[36mCACHE HelperType Load (0.0ms)[0m  [1m[34mSELECT  "helper_types".* FROM "helper_types" LIMIT $1[0m  [["LIMIT", 11]]
  ↳ /home/fahmi/.rbenv/versions/2.5.0/lib/ruby/gems/2.5.0/gems/activerecord-5.2.0/lib/active_record/log_subscriber.rb:98
NoMethodError (undefined method `json_response' for #<HelperTypesController:0x0000559b4f4e3f78>):
  
app/controllers/helper_types_controller.rb:7:in `index'
  [1m[36mCACHE HelperType Load (0.0ms)[0m  [1m[34mSELECT  "helper_types".* FROM "helper_types" LIMIT $1[0m  [["LIMIT", 11]]
  ↳ /home/fahmi/.rbenv/versions/2.5.0/lib/ruby/gems/2.5.0/gems/activerecord-5.2.0/lib/active_record/log_subscriber.rb:98
